<?xml version="1.0" encoding="UTF-8"?>
<!-- Generated by org.testng.reporters.JUnitXMLReporter -->
<testsuite ignored="0" hostname="LAPTOP-LRC93R60" failures="0" tests="4" name="ChromeTest" time="0.278" errors="0" timestamp="2023-03-27T18:16:31 IST">
  <testcase classname="Test1.VerifyLoginPage" name="@BeforeTest beforeTest" time="0.118">
    <failure type="java.lang.IllegalStateException" message="The driver executable does not exist: C:\Users\Nilesh\AppData\Local\Temp\Temp1_chromedriver_win32.zip\chromedriver.exe">
      <![CDATA[java.lang.IllegalStateException: The driver executable does not exist: C:\Users\Nilesh\AppData\Local\Temp\Temp1_chromedriver_win32.zip\chromedriver.exe
at com.google.common.base.Preconditions.checkState(Preconditions.java:585)
at org.openqa.selenium.remote.service.DriverService.checkExecutable(DriverService.java:146)
at org.openqa.selenium.remote.service.DriverService.findExecutable(DriverService.java:141)
at org.openqa.selenium.chrome.ChromeDriverService.access$000(ChromeDriverService.java:35)
at org.openqa.selenium.chrome.ChromeDriverService$Builder.findDefaultExecutable(ChromeDriverService.java:159)
at org.openqa.selenium.remote.service.DriverService$Builder.build(DriverService.java:355)
at org.openqa.selenium.chrome.ChromeDriverService.createDefaultService(ChromeDriverService.java:94)
at org.openqa.selenium.chrome.ChromeDriver.<init>(ChromeDriver.java:157)
at Test1.VerifyLoginPage.beforeTest(VerifyLoginPage.java:38)
at java.base/java.util.concurrent.FutureTask.run(FutureTask.java:264)
at java.base/java.util.concurrent.ThreadPoolExecutor.runWorker(ThreadPoolExecutor.java:1136)
at java.base/java.util.concurrent.ThreadPoolExecutor$Worker.run(ThreadPoolExecutor.java:635)
at java.base/java.lang.Thread.run(Thread.java:833)
... Removed 15 stack frames]]>
    </failure>
  </testcase> <!-- @BeforeTest beforeTest -->
  <testcase classname="Test1.VerifySignUpPopUpPage" name="@BeforeTest beforeTest" time="-1.679921191792E9">
    <skipped/>
  </testcase> <!-- @BeforeTest beforeTest -->
  <testcase classname="Test1.VerifyLoginPage" name="@BeforeClass BeforeClass" time="-1.679921191817E9">
    <skipped/>
  </testcase> <!-- @BeforeClass BeforeClass -->
  <testcase classname="Test1.VerifyLoginPage" name="@BeforeTest beforeTest" time="0.159">
    <failure type="java.lang.IllegalStateException" message="The driver executable does not exist: C:\Users\Nilesh\AppData\Local\Temp\Temp1_geckodriver-v0.32.2-win32.zip\geckodriver.exe">
      <![CDATA[java.lang.IllegalStateException: The driver executable does not exist: C:\Users\Nilesh\AppData\Local\Temp\Temp1_geckodriver-v0.32.2-win32.zip\geckodriver.exe
at com.google.common.base.Preconditions.checkState(Preconditions.java:585)
at org.openqa.selenium.remote.service.DriverService.checkExecutable(DriverService.java:146)
at org.openqa.selenium.remote.service.DriverService.findExecutable(DriverService.java:141)
at org.openqa.selenium.firefox.GeckoDriverService.access$100(GeckoDriverService.java:44)
at org.openqa.selenium.firefox.GeckoDriverService$Builder.findDefaultExecutable(GeckoDriverService.java:167)
at org.openqa.selenium.remote.service.DriverService$Builder.build(DriverService.java:355)
at org.openqa.selenium.firefox.FirefoxDriver.toExecutor(FirefoxDriver.java:190)
at org.openqa.selenium.firefox.FirefoxDriver.<init>(FirefoxDriver.java:147)
at org.openqa.selenium.firefox.FirefoxDriver.<init>(FirefoxDriver.java:125)
at Test1.VerifyLoginPage.beforeTest(VerifyLoginPage.java:43)
at java.base/java.util.concurrent.FutureTask.run(FutureTask.java:264)
at java.base/java.util.concurrent.ThreadPoolExecutor.runWorker(ThreadPoolExecutor.java:1136)
at java.base/java.util.concurrent.ThreadPoolExecutor$Worker.run(ThreadPoolExecutor.java:635)
at java.base/java.lang.Thread.run(Thread.java:833)
... Removed 15 stack frames]]>
    </failure>
  </testcase> <!-- @BeforeTest beforeTest -->
  <testcase classname="Test1.VerifySignUpPopUpPage" name="@BeforeTest beforeTest" time="-1.679921191826E9">
    <skipped/>
  </testcase> <!-- @BeforeTest beforeTest -->
  <testcase classname="Test1.VerifyLoginPage" name="@BeforeClass BeforeClass" time="-1.679921191834E9">
    <skipped/>
  </testcase> <!-- @BeforeClass BeforeClass -->
  <testcase classname="Test1.VerifyLoginPage" name="@BeforeMethod BeforeMethod" time="-1.679921191838E9">
    <skipped/>
  </testcase> <!-- @BeforeMethod BeforeMethod -->
  <testcase classname="Test1.VerifyLoginPage" name="@BeforeMethod BeforeMethod" time="-1.679921191838E9">
    <skipped/>
  </testcase> <!-- @BeforeMethod BeforeMethod -->
  <testcase classname="Test1.VerifyLoginPage" name="@AfterMethod afterMethod" time="-1.679921191847E9">
    <skipped/>
  </testcase> <!-- @AfterMethod afterMethod -->
  <testcase classname="Test1.VerifyLoginPage" name="@AfterMethod afterMethod" time="-1.679921191849E9">
    <skipped/>
  </testcase> <!-- @AfterMethod afterMethod -->
  <testcase classname="Test1.VerifyLoginPage" name="@BeforeMethod BeforeMethod" time="-1.679921191853E9">
    <skipped/>
  </testcase> <!-- @BeforeMethod BeforeMethod -->
  <testcase classname="Test1.VerifyLoginPage" name="@BeforeMethod BeforeMethod" time="-1.679921191853E9">
    <skipped/>
  </testcase> <!-- @BeforeMethod BeforeMethod -->
  <testcase classname="Test1.VerifyLoginPage" name="@AfterMethod afterMethod" time="-1.679921191859E9">
    <skipped/>
  </testcase> <!-- @AfterMethod afterMethod -->
  <testcase classname="Test1.VerifyLoginPage" name="@AfterMethod afterMethod" time="-1.679921191861E9">
    <skipped/>
  </testcase> <!-- @AfterMethod afterMethod -->
  <testcase classname="Test1.VerifyLoginPage" name="@AfterClass afterClass" time="-1.679921191863E9">
    <skipped/>
  </testcase> <!-- @AfterClass afterClass -->
  <testcase classname="Test1.VerifyLoginPage" name="@AfterClass afterClass" time="-1.679921191863E9">
    <skipped/>
  </testcase> <!-- @AfterClass afterClass -->
  <testcase classname="Test1.VerifySignUpPopUpPage" name="@BeforeClass BeforeClass" time="-1.679921191865E9">
    <skipped/>
  </testcase> <!-- @BeforeClass BeforeClass -->
  <testcase classname="Test1.VerifySignUpPopUpPage" name="@BeforeMethod BeforeMethod" time="-1.679921191865E9">
    <skipped/>
  </testcase> <!-- @BeforeMethod BeforeMethod -->
  <testcase classname="Test1.VerifySignUpPopUpPage" name="@AfterMethod afterMethod" time="-1.679921191875E9">
    <skipped/>
  </testcase> <!-- @AfterMethod afterMethod -->
  <testcase classname="Test1.VerifySignUpPopUpPage" name="@BeforeMethod BeforeMethod" time="-1.679921191877E9">
    <skipped/>
  </testcase> <!-- @BeforeMethod BeforeMethod -->
  <testcase classname="Test1.VerifySignUpPopUpPage" name="@BeforeClass BeforeClass" time="-1.679921191864E9">
    <skipped/>
  </testcase> <!-- @BeforeClass BeforeClass -->
  <testcase classname="Test1.VerifySignUpPopUpPage" name="@BeforeMethod BeforeMethod" time="-1.679921191887E9">
    <skipped/>
  </testcase> <!-- @BeforeMethod BeforeMethod -->
  <testcase classname="Test1.VerifySignUpPopUpPage" name="@AfterMethod afterMethod" time="-1.679921191899E9">
    <skipped/>
  </testcase> <!-- @AfterMethod afterMethod -->
  <testcase classname="Test1.VerifySignUpPopUpPage" name="@AfterMethod afterMethod" time="-1.679921191895E9">
    <skipped/>
  </testcase> <!-- @AfterMethod afterMethod -->
  <testcase classname="Test1.VerifySignUpPopUpPage" name="@BeforeMethod BeforeMethod" time="-1.679921191905E9">
    <skipped/>
  </testcase> <!-- @BeforeMethod BeforeMethod -->
  <testcase classname="Test1.VerifySignUpPopUpPage" name="@AfterClass afterClass" time="-1.679921191909E9">
    <skipped/>
  </testcase> <!-- @AfterClass afterClass -->
  <testcase classname="Test1.VerifySignUpPopUpPage" name="@AfterMethod afterMethod" time="-1.679921191917E9">
    <skipped/>
  </testcase> <!-- @AfterMethod afterMethod -->
  <testcase classname="Test1.VerifyLoginPage" name="@AfterTest afterTest" time="-1.679921191918E9">
    <skipped/>
  </testcase> <!-- @AfterTest afterTest -->
  <testcase classname="Test1.VerifySignUpPopUpPage" name="@AfterClass afterClass" time="-1.67992119192E9">
    <skipped/>
  </testcase> <!-- @AfterClass afterClass -->
  <testcase classname="Test1.VerifySignUpPopUpPage" name="@AfterTest afterTest" time="-1.679921191921E9">
    <skipped/>
  </testcase> <!-- @AfterTest afterTest -->
  <testcase classname="Test1.VerifyLoginPage" name="@AfterTest afterTest" time="-1.679921191921E9">
    <skipped/>
  </testcase> <!-- @AfterTest afterTest -->
  <testcase classname="Test1.VerifySignUpPopUpPage" name="@AfterTest afterTest" time="-1.679921191923E9">
    <skipped/>
  </testcase> <!-- @AfterTest afterTest -->
  <testcase classname="Test1.VerifyLoginPage" name="Test1" time="0.0">
    <skipped/>
  </testcase> <!-- Test1 -->
  <testcase classname="Test1.VerifyLoginPage" name="Test2" time="0.0">
    <skipped/>
  </testcase> <!-- Test2 -->
  <testcase classname="Test1.VerifySignUpPopUpPage" name="Test1" time="0.0">
    <skipped/>
  </testcase> <!-- Test1 -->
  <testcase classname="Test1.VerifySignUpPopUpPage" name="Test2" time="0.0">
    <skipped/>
  </testcase> <!-- Test2 -->
</testsuite> <!-- ChromeTest -->
